生成启动时间为 2021/4/25 13:40:04。
     1>项目“D:\project\ConsoleDemo\ConsoleDemo\ConsoleDemo\ConsoleDemo.vcxproj”在节点 2 上(Build 个目标)。
     1>ClCompile:
         C:\Program Files (x86)\Microsoft Visual Studio 12.0\VC\bin\CL.exe /c /ZI /nologo /W3 /WX- /sdl /Od /Oy- /D WIN32 /D _DEBUG /D _CONSOLE /D _LIB /D _UNICODE /D UNICODE /Gm /EHsc /RTC1 /MDd /GS /fp:precise /Zc:wchar_t /Zc:forScope /Yc"stdafx.h" /Fp"Debug\ConsoleDemo.pch" /Fo"Debug\\" /Fd"Debug\vc120.pdb" /Gd /TP /analyze- /errorReport:prompt stdafx.cpp
         stdafx.cpp
         C:\Program Files (x86)\Microsoft Visual Studio 12.0\VC\bin\CL.exe /c /ZI /nologo /W3 /WX- /sdl /Od /Oy- /D WIN32 /D _DEBUG /D _CONSOLE /D _LIB /D _UNICODE /D UNICODE /Gm /EHsc /RTC1 /MDd /GS /fp:precise /Zc:wchar_t /Zc:forScope /Yu"stdafx.h" /Fp"Debug\ConsoleDemo.pch" /Fo"Debug\\" /Fd"Debug\vc120.pdb" /Gd /TP /analyze- /errorReport:prompt ConsoleDemo.cpp leetcode.cpp lrucache.cpp productCustomer.cpp test.cpp utils.cpp
         leetcode.cpp
     1>d:\project\consoledemo\consoledemo\consoledemo\leetcode.cpp(70): warning C4244: “=”: 从“double”转换到“int”，可能丢失数据
     1>d:\project\consoledemo\consoledemo\consoledemo\leetcode.cpp(71): warning C4244: “=”: 从“double”转换到“int”，可能丢失数据
     1>d:\project\consoledemo\consoledemo\consoledemo\leetcode.cpp(93): warning C4244: “=”: 从“double”转换到“int”，可能丢失数据
         ConsoleDemo.cpp
         正在生成代码...
     1>d:\project\consoledemo\consoledemo\consoledemo\leetcode.cpp(196): warning C4715: “Base::binarySearch”: 不是所有的控件路径都返回值
         正在跳过...(未检测到相关更改)
         utils.cpp
         test.cpp
         productCustomer.cpp
         lrucache.cpp
       Link:
         C:\Program Files (x86)\Microsoft Visual Studio 12.0\VC\bin\link.exe /ERRORREPORT:PROMPT /OUT:"D:\project\ConsoleDemo\ConsoleDemo\Debug\ConsoleDemo.exe" /INCREMENTAL /NOLOGO kernel32.lib user32.lib gdi32.lib winspool.lib comdlg32.lib advapi32.lib shell32.lib ole32.lib oleaut32.lib uuid.lib odbc32.lib odbccp32.lib /MANIFEST /MANIFESTUAC:"level='asInvoker' uiAccess='false'" /manifest:embed /DEBUG /PDB:"D:\project\ConsoleDemo\ConsoleDemo\Debug\ConsoleDemo.pdb" /SUBSYSTEM:CONSOLE /TLBID:1 /DYNAMICBASE /NXCOMPAT /IMPLIB:"D:\project\ConsoleDemo\ConsoleDemo\Debug\ConsoleDemo.lib" /MACHINE:X86 Debug\ConsoleDemo.obj
         Debug\leetcode.obj
         Debug\lrucache.obj
         Debug\productCustomer.obj
         Debug\stdafx.obj
         Debug\test.obj
         Debug\utils.obj
         ConsoleDemo.vcxproj -> D:\project\ConsoleDemo\ConsoleDemo\Debug\ConsoleDemo.exe
     1>已完成生成项目“D:\project\ConsoleDemo\ConsoleDemo\ConsoleDemo\ConsoleDemo.vcxproj”(Build 个目标)的操作。

生成成功。

已用时间 00:00:02.11
